bcrypt==4.1.3
boto3==1.34.125
botocore==1.34.125
Cartopy==0.23.0
certifi==2024.6.2
cffi==1.16.0
cftime==1.6.4
charset-normalizer==3.3.2
click==8.1.7
cloudpickle==3.0.0
cmocean==4.0.3
contourpy==1.2.1
croniter==2.0.5
cryptography==42.0.8
cycler==0.12.1
dask==2024.5.2
distributed==2024.5.2
docker==7.1.0
fonttools==4.53.0
fsspec==2024.6.0
haikunator==2.1.0
idna==3.7
importlib_metadata==7.1.0
install==1.3.5
Jinja2==3.1.4
jmespath==0.10.0
kiwisolver==1.4.5
locket==1.0.0
MarkupSafe==2.1.5
marshmallow==3.21.3
marshmallow-oneofschema==3.1.1
matplotlib==3.9.0
msgpack==1.0.8
mypy-extensions==1.0.0
netCDF4==1.6.5
numpy==1.26.4
packaging==24.1
pandas==2.2.2
paramiko==3.4.0
partd==1.4.2
pendulum==3.0.0
pillow==10.3.0
plotting==0.0.7
prefect==0.15.13
psutil==5.9.8
pycparser==2.22
PyNaCl==1.5.0
pyparsing==3.1.2
pyproj==3.6.1
pyshp==2.3.1
python-box==7.1.1
python-dateutil==2.9.0.post0
python-slugify==8.0.4
pytz==2024.1
PyYAML==6.0.1
requests==2.32.3
s3transfer==0.10.1
seaborn==0.13.2
semantic-version==2.10.0
setuptools-rust==1.9.0
shapely==2.0.4
six==1.16.0
sortedcontainers==2.4.0
tabulate==0.9.0
tblib==3.0.0
text-unidecode==1.3
time-machine==2.14.1
toml==0.10.2
toolz==0.12.1
tornado==6.4.1
tzdata==2024.1
urllib3==1.26.18
xarray==2024.5.0
zict==3.0.0
zipp==3.19.2
